<?xml version="1.0" encoding="UTF-8"?>
<!-- Generated by org.testng.reporters.JUnitReportReporter -->
<testsuite hostname="LGDN13442-W7D01" name="testcase.LoginFunction" tests="1" failures="0" timestamp="4 Oct 2016 10:05:54 GMT" time="10.409" errors="0">
  <testcase name="LoginToHomePage" time="10.409" classname="testcase.LoginFunction"/>
</testsuite> <!-- testcase.LoginFunction -->
