<?xml version="1.0" encoding="UTF-8"?>
<!-- Generated by org.testng.reporters.JUnitReportReporter -->
<testsuite hostname="LGDN13442-W7D01" name="testcase.LoginFunction" tests="1" failures="0" timestamp="6 Oct 2016 02:32:16 GMT" time="14.630" errors="0">
  <testcase name="LoginToHomePage" time="14.630" classname="testcase.LoginFunction"/>
</testsuite> <!-- testcase.LoginFunction -->
